# JRE version: OpenJDK Runtime Environment Temurin-17.0.5+8 (17.0.5+8) (build 17.0.5+8)
# Java VM: OpenJDK 64-Bit Server VM Temurin-17.0.5+8 (17.0.5+8, mixed mode, tiered, compressed oops, compressed class ptrs, g1 gc, windows-amd64)
GC Precious Log:
 CPUs: 4 total, 4 available
 Memory: 8058M
 Large Page Support: Disabled
 NUMA Support: Disabled
 Compressed Oops: Enabled (32-bit)
 Heap Region Size: 1M
 Heap Min Capacity: 8M
 Heap Initial Capacity: 126M
 Heap Max Capacity: 2016M
 Pre-touch: Disabled
 Parallel Workers: 4
 Concurrent Workers: 1
 Concurrent Refinement Workers: 4
 Periodic GC: Disabled
Heap:
 garbage-first heap   total 106496K, used 60078K [0x0000000082000000, 0x0000000100000000)
  region size 1024K, 19 young (19456K), 4 survivors (4096K)
 Metaspace       used 94983K, committed 95552K, reserved 1138688K
  class space    used 10913K, committed 11200K, reserved 1048576K
GC Heap History (20 events):
Event: 4112.611 GC heap before
{Heap before GC invocations=127 (full 5):
 garbage-first heap   total 106496K, used 90683K [0x0000000082000000, 0x0000000100000000)
  region size 1024K, 48 young (49152K), 2 survivors (2048K)
 Metaspace       used 94976K, committed 95552K, reserved 1138688K
  class space    used 10912K, committed 11200K, reserved 1048576K
}
Event: 4112.615 GC heap after
{Heap after GC invocations=128 (full 5):
 garbage-first heap   total 106496K, used 44913K [0x0000000082000000, 0x0000000100000000)
  region size 1024K, 3 young (3072K), 3 survivors (3072K)
 Metaspace       used 94976K, committed 95552K, reserved 1138688K
  class space    used 10912K, committed 11200K, reserved 1048576K
}
Event: 4114.093 GC heap before
{Heap before GC invocations=128 (full 5):
 garbage-first heap   total 106496K, used 88945K [0x0000000082000000, 0x0000000100000000)
  region size 1024K, 47 young (48128K), 3 survivors (3072K)
 Metaspace       used 94976K, committed 95552K, reserved 1138688K
  class space    used 10912K, committed 11200K, reserved 1048576K
}
Event: 4114.097 GC heap after
{Heap after GC invocations=129 (full 5):
 garbage-first heap   total 106496K, used 45020K [0x0000000082000000, 0x0000000100000000)
  region size 1024K, 3 young (3072K), 3 survivors (3072K)
 Metaspace       used 94976K, committed 95552K, reserved 1138688K
  class space    used 10912K, committed 11200K, reserved 1048576K
}
Event: 4116.581 GC heap before
{Heap before GC invocations=129 (full 5):
 garbage-first heap   total 106496K, used 90076K [0x0000000082000000, 0x0000000100000000)
  region size 1024K, 47 young (48128K), 3 survivors (3072K)
 Metaspace       used 94976K, committed 95552K, reserved 1138688K
  class space    used 10912K, committed 11200K, reserved 1048576K
}
Event: 4116.585 GC heap after
{Heap after GC invocations=130 (full 5):
 garbage-first heap   total 106496K, used 45232K [0x0000000082000000, 0x0000000100000000)
  region size 1024K, 3 young (3072K), 3 survivors (3072K)
 Metaspace       used 94976K, committed 95552K, reserved 1138688K
  class space    used 10912K, committed 11200K, reserved 1048576K
}
Event: 4118.334 GC heap before
{Heap before GC invocations=130 (full 5):
 garbage-first heap   total 106496K, used 90288K [0x0000000082000000, 0x0000000100000000)
  region size 1024K, 47 young (48128K), 3 survivors (3072K)
 Metaspace       used 94978K, committed 95552K, reserved 1138688K
  class space    used 10912K, committed 11200K, reserved 1048576K
}
Event: 4118.338 GC heap after
{Heap after GC invocations=131 (full 5):
 garbage-first heap   total 106496K, used 45500K [0x0000000082000000, 0x0000000100000000)
  region size 1024K, 3 young (3072K), 3 survivors (3072K)
 Metaspace       used 94978K, committed 95552K, reserved 1138688K
  class space    used 10912K, committed 11200K, reserved 1048576K
}
Event: 4120.160 GC heap before
{Heap before GC invocations=131 (full 5):
 garbage-first heap   total 106496K, used 89532K [0x0000000082000000, 0x0000000100000000)
  region size 1024K, 47 young (48128K), 3 survivors (3072K)
 Metaspace       used 94981K, committed 95552K, reserved 1138688K
  class space    used 10912K, committed 11200K, reserved 1048576K
}
Event: 4120.164 GC heap after
{Heap after GC invocations=132 (full 5):
 garbage-first heap   total 106496K, used 45787K [0x0000000082000000, 0x0000000100000000)
  region size 1024K, 3 young (3072K), 3 survivors (3072K)
 Metaspace       used 94981K, committed 95552K, reserved 1138688K
  class space    used 10912K, committed 11200K, reserved 1048576K
}
Event: 4122.086 GC heap before
{Heap before GC invocations=132 (full 5):
 garbage-first heap   total 106496K, used 89819K [0x0000000082000000, 0x0000000100000000)
  region size 1024K, 47 young (48128K), 3 survivors (3072K)
 Metaspace       used 94981K, committed 95552K, reserved 1138688K
  class space    used 10912K, committed 11200K, reserved 1048576K
}
Event: 4122.090 GC heap after
{Heap after GC invocations=133 (full 5):
 garbage-first heap   total 106496K, used 45861K [0x0000000082000000, 0x0000000100000000)
  region size 1024K, 3 young (3072K), 3 survivors (3072K)
 Metaspace       used 94981K, committed 95552K, reserved 1138688K
  class space    used 10912K, committed 11200K, reserved 1048576K
}
Event: 4123.668 GC heap before
{Heap before GC invocations=133 (full 5):
 garbage-first heap   total 106496K, used 89893K [0x0000000082000000, 0x0000000100000000)
  region size 1024K, 47 young (48128K), 3 survivors (3072K)
 Metaspace       used 94982K, committed 95552K, reserved 1138688K
  class space    used 10912K, committed 11200K, reserved 1048576K
}
Event: 4123.674 GC heap after
{Heap after GC invocations=134 (full 5):
 garbage-first heap   total 106496K, used 46312K [0x0000000082000000, 0x0000000100000000)
  region size 1024K, 4 young (4096K), 4 survivors (4096K)
 Metaspace       used 94982K, committed 95552K, reserved 1138688K
  class space    used 10912K, committed 11200K, reserved 1048576K
}
Event: 4126.230 GC heap before
{Heap before GC invocations=134 (full 5):
 garbage-first heap   total 106496K, used 89320K [0x0000000082000000, 0x0000000100000000)
  region size 1024K, 46 young (47104K), 4 survivors (4096K)
 Metaspace       used 94982K, committed 95552K, reserved 1138688K
  class space    used 10913K, committed 11200K, reserved 1048576K
}
Event: 4126.235 GC heap after
{Heap after GC invocations=135 (full 5):
 garbage-first heap   total 106496K, used 46391K [0x0000000082000000, 0x0000000100000000)
  region size 1024K, 4 young (4096K), 4 survivors (4096K)
 Metaspace       used 94982K, committed 95552K, reserved 1138688K
  class space    used 10913K, committed 11200K, reserved 1048576K
}
Event: 4127.628 GC heap before
{Heap before GC invocations=135 (full 5):
 garbage-first heap   total 106496K, used 88375K [0x0000000082000000, 0x0000000100000000)
  region size 1024K, 46 young (47104K), 4 survivors (4096K)
 Metaspace       used 94982K, committed 95552K, reserved 1138688K
  class space    used 10913K, committed 11200K, reserved 1048576K
}
Event: 4127.636 GC heap after
{Heap after GC invocations=136 (full 5):
 garbage-first heap   total 106496K, used 46543K [0x0000000082000000, 0x0000000100000000)
  region size 1024K, 4 young (4096K), 4 survivors (4096K)
 Metaspace       used 94982K, committed 95552K, reserved 1138688K
  class space    used 10913K, committed 11200K, reserved 1048576K
}
Event: 4130.523 GC heap before
{Heap before GC invocations=136 (full 5):
 garbage-first heap   total 106496K, used 87503K [0x0000000082000000, 0x0000000100000000)
  region size 1024K, 45 young (46080K), 4 survivors (4096K)
 Metaspace       used 94982K, committed 95552K, reserved 1138688K
  class space    used 10913K, committed 11200K, reserved 1048576K
}
Event: 4130.528 GC heap after
{Heap after GC invocations=137 (full 5):
 garbage-first heap   total 106496K, used 46766K [0x0000000082000000, 0x0000000100000000)
  region size 1024K, 4 young (4096K), 4 survivors (4096K)
 Metaspace       used 94982K, committed 95552K, reserved 1138688K
  class space    used 10913K, committed 11200K, reserved 1048576K
}

